2020-07-08 12:17:32,850 INFO 16246 [egg-logrotator] app logger reload: got log-reload message
2020-07-08 13:17:06,453 WARN 16246 [TCPBase] socket is closed by other side while there were still unhandled data in the socket buffer
2020-07-08 13:17:06,457 WARN 16246 [ClusterClient:Watcher] follower closed, and try to init it again
2020-07-08 13:21:44,723 WARN 16246 [ClusterClient:Watcher] follower closed, and try to init it again
2020-07-08 16:59:42,256 INFO 16246 [-/127.0.0.1/-/12ms SCHEDULE /__schedule?path=/Users/lanjianhua/Desktop/lanjianhua/blog-service/node_modules/_egg-multipart@2.10.2@egg-multipart/app/schedule/clean_tmpdir.js&type=worker&cron=0%2030%204%20*%20*%20*&immediate=false] [egg-multipart:CleanTmpdir] start clean tmpdir: "/var/folders/z7/dvrcw9sj4p96csx1sgz9gr300000gn/T/egg-multipart-tmp/egg-ts-demo"
2020-07-08 16:59:42,263 INFO 16246 [-/127.0.0.1/-/28ms SCHEDULE /__schedule?path=/Users/lanjianhua/Desktop/lanjianhua/blog-service/node_modules/_egg-multipart@2.10.2@egg-multipart/app/schedule/clean_tmpdir.js&type=worker&cron=0%2030%204%20*%20*%20*&immediate=false] [egg-multipart:CleanTmpdir] end
2020-07-08 19:31:19,267 WARN 16246 [TCPBase] socket is closed by other side while there were still unhandled data in the socket buffer
2020-07-08 19:31:19,275 WARN 16246 [ClusterClient:Watcher] follower closed, and try to init it again
2020-07-08 22:00:58,553 WARN 16246 [TCPBase] socket is closed by other side while there were still unhandled data in the socket buffer
2020-07-08 22:00:58,568 WARN 16246 [ClusterClient:Watcher] follower closed, and try to init it again
2020-07-09 07:30:43,839 WARN 16246 [ClusterClient:Watcher] follower closed, and try to init it again
2020-07-09 09:15:06,952 WARN 16246 [TCPBase] socket is closed by other side while there were still unhandled data in the socket buffer
2020-07-09 09:15:06,966 WARN 16246 [ClusterClient:Watcher] follower closed, and try to init it again
2020-07-09 09:18:33,423 WARN 16246 [ClusterClient:Watcher] follower closed, and try to init it again
2020-07-09 10:11:52,178 WARN 16246 [ClusterClient:Watcher] follower closed, and try to init it again
2020-07-09 12:22:01,833 WARN 16246 [TCPBase] socket is closed by other side while there were still unhandled data in the socket buffer
2020-07-09 12:22:01,835 WARN 16246 [ClusterClient:Watcher] follower closed, and try to init it again
2020-07-09 12:24:30,140 WARN 16246 [ClusterClient:Watcher] follower closed, and try to init it again
2020-07-09 13:33:26,405 WARN 16246 [ClusterClient:Watcher] follower closed, and try to init it again
2020-07-09 13:34:59,554 WARN 16246 [ClusterClient:Watcher] follower closed, and try to init it again
2020-07-09 13:39:01,298 WARN 16246 [ClusterClient:Watcher] follower closed, and try to init it again
2020-07-09 14:03:07,829 INFO 37413 [egg:logger] init all loggers with options: {"dir":"/Users/lanjianhua/Desktop/lanjianhua/blog-service/logs/egg-ts-demo","encoding":"utf8","env":"local","level":"INFO","consoleLevel":"INFO","disableConsoleAfterReady":false,"outputJSON":false,"buffer":true,"appLogName":"egg-ts-demo-web.log","coreLogName":"egg-web.log","agentLogName":"egg-agent.log","errorLogName":"common-error.log","coreLogger":{"consoleLevel":"WARN"},"allowDebugAtProd":false,"type":"application"}
2020-07-09 14:03:07,857 INFO 37413 [egg-multipart] stream mode enable
2020-07-09 14:03:08,307 INFO 37413 [egg-mongoose] connecting mongodb://127.0.0.1/blog
2020-07-09 14:03:08,480 INFO 37413 [egg-static] starting static serve /public/ -> /Users/lanjianhua/Desktop/lanjianhua/blog-service/app/public
2020-07-09 14:03:08,483 INFO 37413 [egg-security] use methodnoallow middleware
2020-07-09 14:03:08,483 INFO 37413 [egg-security] use noopen middleware
2020-07-09 14:03:08,484 INFO 37413 [egg-security] use nosniff middleware
2020-07-09 14:03:08,485 INFO 37413 [egg-security] use xssProtection middleware
2020-07-09 14:03:08,485 INFO 37413 [egg-security] use xframe middleware
2020-07-09 14:03:08,486 INFO 37413 [egg-security] use dta middleware
2020-07-09 14:03:08,486 INFO 37413 [egg-security] compose 6 middlewares into one security middleware
2020-07-09 14:03:08,509 INFO 37413 [egg:core] dump config after load, 7ms
2020-07-09 14:03:08,512 INFO 37413 [egg-mongoose] starting...
2020-07-09 14:03:08,545 INFO 37413 [egg-mongoose] mongodb://127.0.0.1/blog connected successfully
2020-07-09 14:03:08,557 INFO 37413 [egg-mongoose] instance[0] start successfully
2020-07-09 14:03:08,564 INFO 37413 [egg-watcher:application] watcher start success
2020-07-09 14:03:08,597 INFO 37413 [egg:core] dump config after ready, 10ms
2020-07-09 14:09:47,261 INFO 37578 [egg:logger] init all loggers with options: {"dir":"/Users/lanjianhua/Desktop/lanjianhua/blog-service/logs/egg-ts-demo","encoding":"utf8","env":"local","level":"INFO","consoleLevel":"INFO","disableConsoleAfterReady":false,"outputJSON":false,"buffer":true,"appLogName":"egg-ts-demo-web.log","coreLogName":"egg-web.log","agentLogName":"egg-agent.log","errorLogName":"common-error.log","coreLogger":{"consoleLevel":"WARN"},"allowDebugAtProd":false,"type":"application"}
2020-07-09 14:09:47,297 INFO 37578 [egg-multipart] stream mode enable
2020-07-09 14:09:47,710 INFO 37578 [egg-mongoose] connecting mongodb://127.0.0.1/blog
2020-07-09 14:09:48,058 INFO 37578 [egg-static] starting static serve /public/ -> /Users/lanjianhua/Desktop/lanjianhua/blog-service/app/public
2020-07-09 14:09:48,065 INFO 37578 [egg-security] use methodnoallow middleware
2020-07-09 14:09:48,066 INFO 37578 [egg-security] use noopen middleware
2020-07-09 14:09:48,068 INFO 37578 [egg-security] use nosniff middleware
2020-07-09 14:09:48,069 INFO 37578 [egg-security] use xssProtection middleware
2020-07-09 14:09:48,070 INFO 37578 [egg-security] use xframe middleware
2020-07-09 14:09:48,076 INFO 37578 [egg-security] use dta middleware
2020-07-09 14:09:48,076 INFO 37578 [egg-security] compose 6 middlewares into one security middleware
2020-07-09 14:09:48,121 INFO 37578 [egg:core] dump config after load, 18ms
2020-07-09 14:09:48,127 INFO 37578 [egg-mongoose] starting...
2020-07-09 14:09:48,141 ERROR 37578 nodejs.TypeError: Cannot read property 'init' of undefined
    at exports.default (/Users/lanjianhua/Desktop/lanjianhua/blog-service/app.ts:6:21)
    at Hook.configDidLoad (/Users/lanjianhua/Desktop/lanjianhua/blog-service/node_modules/_egg-core@4.17.4@egg-core/lib/lifecycle.js:91:9)
    at Lifecycle.triggerConfigDidLoad (/Users/lanjianhua/Desktop/lanjianhua/blog-service/node_modules/_egg-core@4.17.4@egg-core/lib/lifecycle.js:145:14)
    at Lifecycle.triggerConfigWillLoad (/Users/lanjianhua/Desktop/lanjianhua/blog-service/node_modules/_egg-core@4.17.4@egg-core/lib/lifecycle.js:139:10)
    at AppWorkerLoader.loadCustomApp (/Users/lanjianhua/Desktop/lanjianhua/blog-service/node_modules/_egg-core@4.17.4@egg-core/lib/loader/mixin/custom.js:37:20)
    at AppWorkerLoader.load (/Users/lanjianhua/Desktop/lanjianhua/blog-service/node_modules/_egg@2.26.0@egg/lib/loader/app_worker_loader.js:35:10)
    at new Application (/Users/lanjianhua/Desktop/lanjianhua/blog-service/node_modules/_egg@2.26.0@egg/lib/application.js:66:19)
    at Object.<anonymous> (/Users/lanjianhua/Desktop/lanjianhua/blog-service/node_modules/_egg-cluster@1.26.0@egg-cluster/lib/app_worker.js:21:13)
    at Module._compile (internal/modules/cjs/loader.js:778:30)
    at Object.Module._extensions..js (internal/modules/cjs/loader.js:789:10)
    at Module.load (internal/modules/cjs/loader.js:653:32)
    at tryModuleLoad (internal/modules/cjs/loader.js:593:12)
    at Function.Module._load (internal/modules/cjs/loader.js:585:3)
    at Function.Module.runMain (internal/modules/cjs/loader.js:831:12)
    at startup (internal/bootstrap/node.js:283:19)
    at bootstrapNodeJSCore (internal/bootstrap/node.js:623:3)

pid: 37578
hostname: MacBook-Pro.local

2020-07-09 14:09:48,158 INFO 37578 [egg-mongoose] mongodb://127.0.0.1/blog connected successfully
2020-07-09 14:09:48,173 INFO 37578 [egg-mongoose] instance[0] start successfully
2020-07-09 14:09:48,182 INFO 37578 [egg-watcher:application] watcher start success
2020-07-09 14:09:48,212 INFO 37578 [egg:core] dump config after ready, 8ms
2020-07-09 14:22:19,212 INFO 37937 [egg:logger] init all loggers with options: {"dir":"/Users/lanjianhua/Desktop/lanjianhua/blog-service/logs/egg-ts-demo","encoding":"utf8","env":"local","level":"INFO","consoleLevel":"INFO","disableConsoleAfterReady":false,"outputJSON":false,"buffer":true,"appLogName":"egg-ts-demo-web.log","coreLogName":"egg-web.log","agentLogName":"egg-agent.log","errorLogName":"common-error.log","coreLogger":{"consoleLevel":"WARN"},"allowDebugAtProd":false,"type":"application"}
2020-07-09 14:22:19,241 INFO 37937 [egg-multipart] stream mode enable
2020-07-09 14:22:19,666 INFO 37937 [egg-mongoose] connecting mongodb://127.0.0.1/blog
2020-07-09 14:22:20,231 INFO 37937 [egg-static] starting static serve /public/ -> /Users/lanjianhua/Desktop/lanjianhua/blog-service/app/public
2020-07-09 14:22:20,233 INFO 37937 [egg-security] use methodnoallow middleware
2020-07-09 14:22:20,235 INFO 37937 [egg-security] use noopen middleware
2020-07-09 14:22:20,236 INFO 37937 [egg-security] use nosniff middleware
2020-07-09 14:22:20,236 INFO 37937 [egg-security] use xssProtection middleware
2020-07-09 14:22:20,240 INFO 37937 [egg-security] use xframe middleware
2020-07-09 14:22:20,240 INFO 37937 [egg-security] use dta middleware
2020-07-09 14:22:20,240 INFO 37937 [egg-security] compose 6 middlewares into one security middleware
2020-07-09 14:22:20,337 INFO 37937 [egg:core] dump config after load, 7ms
2020-07-09 14:22:20,340 INFO 37937 [egg-mongoose] starting...
2020-07-09 14:22:20,374 INFO 37937 [egg-mongoose] mongodb://127.0.0.1/blog connected successfully
2020-07-09 14:22:20,381 INFO 37937 [egg-mongoose] instance[0] start successfully
2020-07-09 14:22:20,388 INFO 37937 [egg-watcher:application] watcher start success
2020-07-09 14:22:20,408 INFO 37937 [egg:core] dump config after ready, 5ms
2020-07-09 14:23:56,639 INFO 37989 [egg:logger] init all loggers with options: {"dir":"/Users/lanjianhua/Desktop/lanjianhua/blog-service/logs/egg-ts-demo","encoding":"utf8","env":"local","level":"INFO","consoleLevel":"INFO","disableConsoleAfterReady":false,"outputJSON":false,"buffer":true,"appLogName":"egg-ts-demo-web.log","coreLogName":"egg-web.log","agentLogName":"egg-agent.log","errorLogName":"common-error.log","coreLogger":{"consoleLevel":"WARN"},"allowDebugAtProd":false,"type":"application"}
2020-07-09 14:23:56,687 INFO 37989 [egg-multipart] stream mode enable
2020-07-09 14:23:57,056 INFO 37989 [egg-mongoose] connecting mongodb://127.0.0.1/blog
2020-07-09 14:23:57,393 INFO 37989 [egg-static] starting static serve /public/ -> /Users/lanjianhua/Desktop/lanjianhua/blog-service/app/public
2020-07-09 14:23:57,396 INFO 37989 [egg-security] use methodnoallow middleware
2020-07-09 14:23:57,397 INFO 37989 [egg-security] use noopen middleware
2020-07-09 14:23:57,397 INFO 37989 [egg-security] use nosniff middleware
2020-07-09 14:23:57,398 INFO 37989 [egg-security] use xssProtection middleware
2020-07-09 14:23:57,399 INFO 37989 [egg-security] use xframe middleware
2020-07-09 14:23:57,400 INFO 37989 [egg-security] use dta middleware
2020-07-09 14:23:57,400 INFO 37989 [egg-security] compose 6 middlewares into one security middleware
2020-07-09 14:23:57,418 INFO 37989 [egg:core] dump config after load, 6ms
2020-07-09 14:23:57,422 INFO 37989 [egg-mongoose] starting...
2020-07-09 14:23:57,444 INFO 37989 [egg-mongoose] mongodb://127.0.0.1/blog connected successfully
2020-07-09 14:23:57,457 INFO 37989 [egg-mongoose] instance[0] start successfully
2020-07-09 14:23:57,463 INFO 37989 [egg-watcher:application] watcher start success
2020-07-09 14:23:57,491 INFO 37989 [egg:core] dump config after ready, 7ms
2020-07-09 14:23:58,687 INFO 37990 [egg:logger] init all loggers with options: {"dir":"/Users/lanjianhua/Desktop/lanjianhua/blog-service/logs/egg-ts-demo","encoding":"utf8","env":"local","level":"INFO","consoleLevel":"INFO","disableConsoleAfterReady":false,"outputJSON":false,"buffer":true,"appLogName":"egg-ts-demo-web.log","coreLogName":"egg-web.log","agentLogName":"egg-agent.log","errorLogName":"common-error.log","coreLogger":{"consoleLevel":"WARN"},"allowDebugAtProd":false,"type":"application"}
2020-07-09 14:23:58,776 INFO 37990 [egg-multipart] stream mode enable
2020-07-09 14:23:58,967 INFO 37990 [egg-mongoose] connecting mongodb://127.0.0.1/blog
2020-07-09 14:23:59,314 INFO 37990 [egg-static] starting static serve /public/ -> /Users/lanjianhua/Desktop/lanjianhua/blog-service/app/public
2020-07-09 14:23:59,319 INFO 37990 [egg-security] use methodnoallow middleware
2020-07-09 14:23:59,319 INFO 37990 [egg-security] use noopen middleware
2020-07-09 14:23:59,319 INFO 37990 [egg-security] use nosniff middleware
2020-07-09 14:23:59,320 INFO 37990 [egg-security] use xssProtection middleware
2020-07-09 14:23:59,320 INFO 37990 [egg-security] use xframe middleware
2020-07-09 14:23:59,320 INFO 37990 [egg-security] use dta middleware
2020-07-09 14:23:59,320 INFO 37990 [egg-security] compose 6 middlewares into one security middleware
2020-07-09 14:23:59,414 INFO 37990 [egg:core] dump config after load, 4ms
2020-07-09 14:23:59,417 INFO 37990 [egg-mongoose] starting...
2020-07-09 14:23:59,444 INFO 37990 [egg-mongoose] mongodb://127.0.0.1/blog connected successfully
2020-07-09 14:23:59,452 INFO 37990 [egg-mongoose] instance[0] start successfully
2020-07-09 14:23:59,456 INFO 37990 [egg-watcher:application] watcher start success
2020-07-09 14:23:59,469 INFO 37990 [egg:core] dump config after ready, 4ms
2020-07-09 14:25:05,225 INFO 38050 [egg:logger] init all loggers with options: {"dir":"/Users/lanjianhua/Desktop/lanjianhua/blog-service/logs/egg-ts-demo","encoding":"utf8","env":"local","level":"INFO","consoleLevel":"INFO","disableConsoleAfterReady":false,"outputJSON":false,"buffer":true,"appLogName":"egg-ts-demo-web.log","coreLogName":"egg-web.log","agentLogName":"egg-agent.log","errorLogName":"common-error.log","coreLogger":{"consoleLevel":"WARN"},"allowDebugAtProd":false,"type":"application"}
2020-07-09 14:25:05,259 INFO 38050 [egg-multipart] stream mode enable
2020-07-09 14:25:05,443 INFO 38050 [egg-mongoose] connecting mongodb://127.0.0.1/blog
2020-07-09 14:25:05,526 INFO 38050 [egg-static] starting static serve /public/ -> /Users/lanjianhua/Desktop/lanjianhua/blog-service/app/public
2020-07-09 14:25:05,528 INFO 38050 [egg-security] use methodnoallow middleware
2020-07-09 14:25:05,528 INFO 38050 [egg-security] use noopen middleware
2020-07-09 14:25:05,529 INFO 38050 [egg-security] use nosniff middleware
2020-07-09 14:25:05,529 INFO 38050 [egg-security] use xssProtection middleware
2020-07-09 14:25:05,529 INFO 38050 [egg-security] use xframe middleware
2020-07-09 14:25:05,529 INFO 38050 [egg-security] use dta middleware
2020-07-09 14:25:05,529 INFO 38050 [egg-security] compose 6 middlewares into one security middleware
2020-07-09 14:25:05,543 INFO 38050 [egg:core] dump config after load, 4ms
2020-07-09 14:25:05,546 INFO 38050 [egg-mongoose] starting...
2020-07-09 14:25:05,557 ERROR 38050 nodejs.TypeError: app.graphql.init is not a function
    at exports.default (/Users/lanjianhua/Desktop/lanjianhua/blog-service/app.ts:6:21)
    at Hook.configDidLoad (/Users/lanjianhua/Desktop/lanjianhua/blog-service/node_modules/_egg-core@4.17.4@egg-core/lib/lifecycle.js:91:9)
    at Lifecycle.triggerConfigDidLoad (/Users/lanjianhua/Desktop/lanjianhua/blog-service/node_modules/_egg-core@4.17.4@egg-core/lib/lifecycle.js:145:14)
    at Lifecycle.triggerConfigWillLoad (/Users/lanjianhua/Desktop/lanjianhua/blog-service/node_modules/_egg-core@4.17.4@egg-core/lib/lifecycle.js:139:10)
    at AppWorkerLoader.loadCustomApp (/Users/lanjianhua/Desktop/lanjianhua/blog-service/node_modules/_egg-core@4.17.4@egg-core/lib/loader/mixin/custom.js:37:20)
    at AppWorkerLoader.load (/Users/lanjianhua/Desktop/lanjianhua/blog-service/node_modules/_egg@2.26.0@egg/lib/loader/app_worker_loader.js:35:10)
    at new Application (/Users/lanjianhua/Desktop/lanjianhua/blog-service/node_modules/_egg@2.26.0@egg/lib/application.js:66:19)
    at Object.<anonymous> (/Users/lanjianhua/Desktop/lanjianhua/blog-service/node_modules/_egg-cluster@1.26.0@egg-cluster/lib/app_worker.js:21:13)
    at Module._compile (internal/modules/cjs/loader.js:778:30)
    at Object.Module._extensions..js (internal/modules/cjs/loader.js:789:10)
    at Module.load (internal/modules/cjs/loader.js:653:32)
    at tryModuleLoad (internal/modules/cjs/loader.js:593:12)
    at Function.Module._load (internal/modules/cjs/loader.js:585:3)
    at Function.Module.runMain (internal/modules/cjs/loader.js:831:12)
    at startup (internal/bootstrap/node.js:283:19)
    at bootstrapNodeJSCore (internal/bootstrap/node.js:623:3)

pid: 38050
hostname: MacBook-Pro.local

2020-07-09 14:25:05,570 INFO 38050 [egg-mongoose] mongodb://127.0.0.1/blog connected successfully
2020-07-09 14:25:05,578 INFO 38050 [egg-mongoose] instance[0] start successfully
2020-07-09 14:25:05,582 INFO 38050 [egg-watcher:application] watcher start success
2020-07-09 14:25:05,597 INFO 38050 [egg:core] dump config after ready, 4ms
2020-07-09 22:11:53,816 INFO 41547 [egg:logger] init all loggers with options: {"dir":"/Users/lanjianhua/Desktop/lanjianhua/blog-service/logs/egg-ts-demo","encoding":"utf8","env":"local","level":"INFO","consoleLevel":"INFO","disableConsoleAfterReady":false,"outputJSON":false,"buffer":true,"appLogName":"egg-ts-demo-web.log","coreLogName":"egg-web.log","agentLogName":"egg-agent.log","errorLogName":"common-error.log","coreLogger":{"consoleLevel":"WARN"},"allowDebugAtProd":false,"type":"application"}
2020-07-09 22:11:53,843 INFO 41547 [egg-multipart] stream mode enable
2020-07-09 22:11:54,346 INFO 41547 [egg-mongoose] connecting mongodb://127.0.0.1/blog
2020-07-09 22:11:54,941 INFO 41547 [egg-static] starting static serve /public/ -> /Users/lanjianhua/Desktop/lanjianhua/blog-service/app/public
2020-07-09 22:11:54,944 INFO 41547 [egg-security] use methodnoallow middleware
2020-07-09 22:11:54,945 INFO 41547 [egg-security] use noopen middleware
2020-07-09 22:11:54,947 INFO 41547 [egg-security] use nosniff middleware
2020-07-09 22:11:54,947 INFO 41547 [egg-security] use xssProtection middleware
2020-07-09 22:11:54,948 INFO 41547 [egg-security] use xframe middleware
2020-07-09 22:11:54,948 INFO 41547 [egg-security] use dta middleware
2020-07-09 22:11:54,948 INFO 41547 [egg-security] compose 6 middlewares into one security middleware
2020-07-09 22:11:55,047 INFO 41547 [egg:core] dump config after load, 7ms
2020-07-09 22:11:55,050 INFO 41547 [egg-mongoose] starting...
2020-07-09 22:11:55,082 INFO 41547 [egg-mongoose] mongodb://127.0.0.1/blog connected successfully
2020-07-09 22:11:55,091 INFO 41547 [egg-mongoose] instance[0] start successfully
2020-07-09 22:11:55,096 INFO 41547 [egg-watcher:application] watcher start success
2020-07-09 22:11:55,118 INFO 41547 [egg:core] dump config after ready, 6ms
2020-07-09 22:12:42,891 INFO 41597 [egg:logger] init all loggers with options: {"dir":"/Users/lanjianhua/Desktop/lanjianhua/blog-service/logs/egg-ts-demo","encoding":"utf8","env":"local","level":"INFO","consoleLevel":"INFO","disableConsoleAfterReady":false,"outputJSON":false,"buffer":true,"appLogName":"egg-ts-demo-web.log","coreLogName":"egg-web.log","agentLogName":"egg-agent.log","errorLogName":"common-error.log","coreLogger":{"consoleLevel":"WARN"},"allowDebugAtProd":false,"type":"application"}
2020-07-09 22:12:42,916 INFO 41597 [egg-multipart] stream mode enable
2020-07-09 22:12:43,107 INFO 41597 [egg-mongoose] connecting mongodb://127.0.0.1/blog
2020-07-09 22:12:43,259 INFO 41597 [egg-static] starting static serve /public/ -> /Users/lanjianhua/Desktop/lanjianhua/blog-service/app/public
2020-07-09 22:12:43,261 INFO 41597 [egg-security] use methodnoallow middleware
2020-07-09 22:12:43,261 INFO 41597 [egg-security] use noopen middleware
2020-07-09 22:12:43,261 INFO 41597 [egg-security] use nosniff middleware
2020-07-09 22:12:43,261 INFO 41597 [egg-security] use xssProtection middleware
2020-07-09 22:12:43,262 INFO 41597 [egg-security] use xframe middleware
2020-07-09 22:12:43,262 INFO 41597 [egg-security] use dta middleware
2020-07-09 22:12:43,262 INFO 41597 [egg-security] compose 6 middlewares into one security middleware
2020-07-09 22:12:43,274 INFO 41597 [egg:core] dump config after load, 5ms
2020-07-09 22:12:43,277 INFO 41597 [egg-mongoose] starting...
2020-07-09 22:12:43,292 INFO 41597 [egg-mongoose] mongodb://127.0.0.1/blog connected successfully
2020-07-09 22:12:43,301 INFO 41597 [egg-mongoose] instance[0] start successfully
2020-07-09 22:12:43,305 INFO 41597 [egg-watcher:application] watcher start success
2020-07-09 22:12:43,320 INFO 41597 [egg:core] dump config after ready, 5ms
